<?xml version="1.0" encoding="UTF-8"?>
<coverage generated="1777977786598" clover="3.2.0">
  <project timestamp="1777977786598" name="All files">
    <metrics statements="10" coveredstatements="9" conditionals="10" coveredconditionals="9" methods="3" coveredmethods="3" elements="23" coveredelements="21" complexity="0" loc="10" ncloc="10" packages="1" files="1" classes="1"/>
    <file name="logic.js" path="C:\Users\MOYO\habit-tracker\src\logic.js">
      <metrics statements="10" coveredstatements="9" conditionals="10" coveredconditionals="9" methods="3" coveredmethods="3"/>
      <line num="2" count="4" type="cond" truecount="2" falsecount="0"/>
      <line num="3" count="3" type="cond" truecount="2" falsecount="0"/>
      <line num="4" count="2" type="cond" truecount="2" falsecount="0"/>
      <line num="5" count="1" type="stmt"/>
      <line num="9" count="3" type="cond" truecount="2" falsecount="0"/>
      <line num="10" count="2" type="stmt"/>
      <line num="14" count="1" type="cond" truecount="1" falsecount="1"/>
      <line num="15" count="1" type="stmt"/>
      <line num="16" count="1" type="stmt"/>
      <line num="18" count="0" type="stmt"/>
    </file>
  </project>
</coverage>
