{"C:\\Users\\MOYO\\habit-tracker\\src\\logic.js": {"path":"C:\\Users\\MOYO\\habit-tracker\\src\\logic.js","statementMap":{"0":{"start":{"line":2,"column":4},"end":{"line":2,"column":null}},"1":{"start":{"line":2,"column":15},"end":{"line":2,"column":null}},"2":{"start":{"line":3,"column":4},"end":{"line":3,"column":null}},"3":{"start":{"line":3,"column":25},"end":{"line":3,"column":null}},"4":{"start":{"line":4,"column":4},"end":{"line":4,"column":null}},"5":{"start":{"line":4,"column":26},"end":{"line":4,"column":null}},"6":{"start":{"line":5,"column":4},"end":{"line":5,"column":null}},"7":{"start":{"line":9,"column":4},"end":{"line":9,"column":null}},"8":{"start":{"line":9,"column":21},"end":{"line":9,"column":null}},"9":{"start":{"line":10,"column":4},"end":{"line":10,"column":null}},"10":{"start":{"line":14,"column":4},"end":{"line":17,"column":null}},"11":{"start":{"line":15,"column":8},"end":{"line":15,"column":null}},"12":{"start":{"line":16,"column":8},"end":{"line":16,"column":null}},"13":{"start":{"line":18,"column":4},"end":{"line":18,"column":null}}},"fnMap":{"0":{"name":"validateHabit","decl":{"start":{"line":1,"column":16},"end":{"line":1,"column":29}},"loc":{"start":{"line":1,"column":36},"end":{"line":6,"column":null}},"line":1},"1":{"name":"calculateProgress","decl":{"start":{"line":8,"column":16},"end":{"line":8,"column":33}},"loc":{"start":{"line":8,"column":47},"end":{"line":11,"column":null}},"line":8},"2":{"name":"processHabit","decl":{"start":{"line":13,"column":16},"end":{"line":13,"column":28}},"loc":{"start":{"line":13,"column":43},"end":{"line":19,"column":null}},"line":13}},"branchMap":{"0":{"loc":{"start":{"line":2,"column":4},"end":{"line":2,"column":null}},"type":"if","locations":[{"start":{"line":2,"column":4},"end":{"line":2,"column":null}},{"start":{},"end":{}}],"line":2},"1":{"loc":{"start":{"line":3,"column":4},"end":{"line":3,"column":null}},"type":"if","locations":[{"start":{"line":3,"column":4},"end":{"line":3,"column":null}},{"start":{},"end":{}}],"line":3},"2":{"loc":{"start":{"line":4,"column":4},"end":{"line":4,"column":null}},"type":"if","locations":[{"start":{"line":4,"column":4},"end":{"line":4,"column":null}},{"start":{},"end":{}}],"line":4},"3":{"loc":{"start":{"line":9,"column":4},"end":{"line":9,"column":null}},"type":"if","locations":[{"start":{"line":9,"column":4},"end":{"line":9,"column":null}},{"start":{},"end":{}}],"line":9},"4":{"loc":{"start":{"line":14,"column":4},"end":{"line":17,"column":null}},"type":"if","locations":[{"start":{"line":14,"column":4},"end":{"line":17,"column":null}},{"start":{},"end":{}}],"line":14}},"s":{"0":4,"1":1,"2":3,"3":3,"4":2,"5":2,"6":1,"7":3,"8":1,"9":2,"10":1,"11":1,"12":1,"13":0},"f":{"0":4,"1":3,"2":1},"b":{"0":[1,3],"1":[1,2],"2":[1,1],"3":[1,2],"4":[1,0]},"meta":{"lastBranch":5,"lastFunction":3,"lastStatement":14,"seen":{"f:1:16:1:29":0,"b:2:4:2:Infinity:undefined:undefined:undefined:undefined":0,"s:2:4:2:Infinity":0,"s:2:15:2:Infinity":1,"b:3:4:3:Infinity:undefined:undefined:undefined:undefined":1,"s:3:4:3:Infinity":2,"s:3:25:3:Infinity":3,"b:4:4:4:Infinity:undefined:undefined:undefined:undefined":2,"s:4:4:4:Infinity":4,"s:4:26:4:Infinity":5,"s:5:4:5:Infinity":6,"f:8:16:8:33":1,"b:9:4:9:Infinity:undefined:undefined:undefined:undefined":3,"s:9:4:9:Infinity":7,"s:9:21:9:Infinity":8,"s:10:4:10:Infinity":9,"f:13:16:13:28":2,"b:14:4:17:Infinity:undefined:undefined:undefined:undefined":4,"s:14:4:17:Infinity":10,"s:15:8:15:Infinity":11,"s:16:8:16:Infinity":12,"s:18:4:18:Infinity":13}}}
}
